Removed Pin From Net: NetName=GND Pin=Cmot3-1
Removed Pin From Net: NetName=VCC Pin=Cmot3-2
Removed Pin From Net: NetName=+3V3 Pin=Jcharge-1
Removed Pin From Net: NetName=GRILLEMOS1 Pin=QnMOS1-1
Removed Pin From Net: NetName=GND Pin=QnMOS1-2
Removed Pin From Net: NetName=GRILLEMOS2 Pin=QnMOS2-1
Removed Pin From Net: NetName=GND Pin=QnMOS2-3
Removed Pin From Net: NetName=GND Pin=RpullMos1-1
Removed Pin From Net: NetName=GRILLEMOS1 Pin=RpullMos1-2
Removed Pin From Net: NetName=GND Pin=RpullMos2-1
Removed Pin From Net: NetName=GRILLEMOS2 Pin=RpullMos2-2
Removed Pin From Net: NetName=VCC Pin=Umot3-2
Removed Pin From Net: NetName=VCC Pin=Umot3-3
Removed Pin From Net: NetName=VCC Pin=Umot3-6
Removed Pin From Net: NetName=GND Pin=Umot3-8
Removed Member From Class: ClassName=projet_pcb_etu_PIC18 Member=Cmot3
Removed Member From Class: ClassName=projet_pcb_etu_PIC18 Member=J_PSCE
Removed Member From Class: ClassName=projet_pcb_etu_PIC18 Member=Jcharge2
Removed Member From Class: ClassName=projet_pcb_etu_PIC18 Member=Jcharge
Removed Member From Class: ClassName=projet_pcb_etu_PIC18 Member=MOT3
Removed Member From Class: ClassName=projet_pcb_etu_PIC18 Member=QnMOS1
Removed Member From Class: ClassName=projet_pcb_etu_PIC18 Member=QnMOS2
Removed Member From Class: ClassName=projet_pcb_etu_PIC18 Member=RpullMos1
Removed Member From Class: ClassName=projet_pcb_etu_PIC18 Member=RpullMos2
Removed Member From Class: ClassName=projet_pcb_etu_PIC18 Member=Umot3
Change Footprint: Footprint Not Found DOUILLE_BANANE_4mm
Change Footprint: Footprint Not Found DOUILLE_BANANE_4mm
Add Component: Footprint Not Found CONDENSATEUR_CERAMIQUE_RADIAL_5.08
Add Component: Footprint Not Found CONDENSATEUR_POLARISE_ELECTROLYTIQUE_RADIAL_2.0/5.08
Add Component: Footprint Not Found CONDENSATEUR_POLARISE_ELECTROLYTIQUE_RADIAL_2.0/5.08
Add Component: Footprint Not Found CONDENSATEUR_CERAMIQUE_RADIAL_5.08
Add Component: Footprint Not Found DOUILLE_BANANE_4mm
Add Component: Footprint Not Found DOUILLE_BANANE_4mm
Add Component: Footprint Not Found DOUILLE_BANANE_4mm
Add Component: Footprint Not Found DOUILLE_BANANE_4mm
Add Component: Footprint Not Found DOUILLE_BANANE_4mm
Add Component: Footprint Not Found BARRETTE_3_M_D
Add Component: Footprint Not Found BARRETTE_3_M_D
Add Component: Footprint Not Found BARRETTE_3_M_D
Add Component: Footprint Not Found BARRETTE_3_M_D
Add Component: Footprint Not Found BARRETTE_3_M_D
Add Pin To Net: Unknown Pin: Pin C3V_1-1
Add Pin To Net: Unknown Pin: Pin C3V_1-2
Add Pin To Net: Unknown Pin: Pin C3V_2-1
Add Pin To Net: Unknown Pin: Pin C3V_2-2
Add Pin To Net: Unknown Pin: Pin C5V_1-1
Add Pin To Net: Unknown Pin: Pin C5V_1-2
Add Pin To Net: Unknown Pin: Pin C5V_2-1
Add Pin To Net: Unknown Pin: Pin C5V_2-2
Add Pin To Net: Unknown Pin: Pin J_5Vp-1
Add Pin To Net: Unknown Pin: Pin J_?-1
Add Pin To Net: Unknown Pin: Pin J_?-1
Add Pin To Net: Unknown Pin: Pin J_?-1
Add Pin To Net: Unknown Pin: Pin J_?-1
Add Pin To Net: Unknown Pin: Pin Servo1-1
Add Pin To Net: Unknown Pin: Pin Servo1-2
Add Pin To Net: Unknown Pin: Pin Servo1-3
Add Pin To Net: Unknown Pin: Pin Servo2-1
Add Pin To Net: Unknown Pin: Pin Servo2-2
Add Pin To Net: Unknown Pin: Pin Servo2-3
Add Pin To Net: Unknown Pin: Pin Servo3-1
Add Pin To Net: Unknown Pin: Pin Servo3-2
Add Pin To Net: Unknown Pin: Pin Servo3-3
Add Pin To Net: Unknown Pin: Pin Servo4-1
Add Pin To Net: Unknown Pin: Pin Servo4-2
Add Pin To Net: Unknown Pin: Pin Servo4-3
Add Pin To Net: Unknown Pin: Pin Servo5-1
Add Pin To Net: Unknown Pin: Pin Servo5-2
Add Pin To Net: Unknown Pin: Pin Servo5-3
Add Class Member: Failed to add class member : Component C3V_1 CONDENSATEUR_CER_RAD_5.08
Add Class Member: Failed to add class member : Component C3V_2 CONDENSATEUR_POL_ELECTROLY_RAD_2.0/5.08
Add Class Member: Failed to add class member : Component C5V_1 CONDENSATEUR_POL_ELECTROLY_RAD_2.0/5.08
Add Class Member: Failed to add class member : Component C5V_2 CONDENSATEUR_CER_RAD_5.08
Add Class Member: Failed to add class member : Component J_5Vp DOUILLE BANANE 4mm
Add Class Member: Failed to add class member : Component J_? DOUILLE BANANE 4mm
Add Class Member: Failed to add class member : Component J_? DOUILLE BANANE 4mm
Add Class Member: Failed to add class member : Component J_? DOUILLE BANANE 4mm
Add Class Member: Failed to add class member : Component J_? DOUILLE BANANE 4mm
Add Class Member: Failed to add class member : Component Servo1 BARRETTE 3 CONTACTS 1 RANGEE MALE DROITE
Add Class Member: Failed to add class member : Component Servo2 BARRETTE 3 CONTACTS 1 RANGEE MALE DROITE
Add Class Member: Failed to add class member : Component Servo3 BARRETTE 3 CONTACTS 1 RANGEE MALE DROITE
Add Class Member: Failed to add class member : Component Servo4 BARRETTE 3 CONTACTS 1 RANGEE MALE DROITE
Add Class Member: Failed to add class member : Component Servo5 BARRETTE 3 CONTACTS 1 RANGEE MALE DROITE
