Removed Pin From Net: NetName=servomoteur Pin=U_PIC18-16
Change Footprint: Footprint Not Found DOUILLE_BANANE_4mm
Change Footprint: Footprint Not Found DOUILLE_BANANE_4mm
Add Component: Footprint Not Found CONDENSATEUR_CERAMIQUE_RADIAL_5.08
Add Component: Footprint Not Found CONDENSATEUR_POLARISE_ELECTROLYTIQUE_RADIAL_2.0/5.08
Add Component: Footprint Not Found CONDENSATEUR_POLARISE_ELECTROLYTIQUE_RADIAL_2.0/5.08
Add Component: Footprint Not Found CONDENSATEUR_CERAMIQUE_RADIAL_5.08
Add Component: Footprint Not Found DOUILLE_BANANE_4mm
Add Component: Footprint Not Found DOUILLE_BANANE_4mm
Add Component: Footprint Not Found DOUILLE_BANANE_4mm
Add Component: Footprint Not Found DOUILLE_BANANE_4mm
Add Component: Footprint Not Found DOUILLE_BANANE_4mm
Add Component: Footprint Not Found BARRETTE_3_M_D
Add Component: Footprint Not Found BARRETTE_3_M_D
Add Component: Footprint Not Found BARRETTE_3_M_D
Add Component: Footprint Not Found BARRETTE_3_M_D
Add Component: Footprint Not Found BARRETTE_3_M_D
Add Pin To Net: Unknown Pin: Pin C3V_1-1
Add Pin To Net: Unknown Pin: Pin C3V_1-2
Add Pin To Net: Unknown Pin: Pin C3V_2-1
Add Pin To Net: Unknown Pin: Pin C3V_2-2
Add Pin To Net: Unknown Pin: Pin C5V_1-1
Add Pin To Net: Unknown Pin: Pin C5V_1-2
Add Pin To Net: Unknown Pin: Pin C5V_2-1
Add Pin To Net: Unknown Pin: Pin C5V_2-2
Add Pin To Net: Unknown Pin: Pin J_2-1
Add Pin To Net: Unknown Pin: Pin J_3-1
Add Pin To Net: Unknown Pin: Pin J_4-1
Add Pin To Net: Unknown Pin: Pin J_5-1
Add Pin To Net: Unknown Pin: Pin J_5Vp-1
Add Pin To Net: Unknown Pin: Pin Servo1-2
Add Pin To Net: Unknown Pin: Pin Servo1-3
Add Pin To Net: Unknown Pin: Pin Servo2-2
Add Pin To Net: Unknown Pin: Pin Servo2-3
Add Pin To Net: Unknown Pin: Pin Servo3-1
Add Pin To Net: Unknown Pin: Pin Servo3-2
Add Pin To Net: Unknown Pin: Pin Servo3-3
Add Pin To Net: Unknown Pin: Pin Servo4-1
Add Pin To Net: Unknown Pin: Pin Servo4-2
Add Pin To Net: Unknown Pin: Pin Servo4-3
Add Pin To Net: Unknown Pin: Pin Servo5-1
Add Pin To Net: Unknown Pin: Pin Servo5-2
Add Pin To Net: Unknown Pin: Pin Servo5-3
Added Pin To Net: NetName=serv1 Pin=U_PIC18-16
Added Net: Name=serv1
Added Pin To Net: NetName=serv2 Pin=U_PIC18-17
Added Net: Name=serv2
Add Class Member: Failed to add class member : Component C3V_1 CONDENSATEUR_CER_RAD_5.08
Add Class Member: Failed to add class member : Component C3V_2 CONDENSATEUR_POL_ELECTROLY_RAD_2.0/5.08
Add Class Member: Failed to add class member : Component C5V_1 CONDENSATEUR_POL_ELECTROLY_RAD_2.0/5.08
Add Class Member: Failed to add class member : Component C5V_2 CONDENSATEUR_CER_RAD_5.08
Add Class Member: Failed to add class member : Component J_2 DOUILLE BANANE 4mm
Add Class Member: Failed to add class member : Component J_3 DOUILLE BANANE 4mm
Add Class Member: Failed to add class member : Component J_4 DOUILLE BANANE 4mm
Add Class Member: Failed to add class member : Component J_5 DOUILLE BANANE 4mm
Add Class Member: Failed to add class member : Component J_5Vp DOUILLE BANANE 4mm
Add Class Member: Failed to add class member : Component Servo1 BARRETTE 3 CONTACTS 1 RANGEE MALE DROITE
Add Class Member: Failed to add class member : Component Servo2 BARRETTE 3 CONTACTS 1 RANGEE MALE DROITE
Add Class Member: Failed to add class member : Component Servo3 BARRETTE 3 CONTACTS 1 RANGEE MALE DROITE
Add Class Member: Failed to add class member : Component Servo4 BARRETTE 3 CONTACTS 1 RANGEE MALE DROITE
Add Class Member: Failed to add class member : Component Servo5 BARRETTE 3 CONTACTS 1 RANGEE MALE DROITE
